<?xml version="1.0" encoding="UTF-8"?>
<!-- Generated by org.testng.reporters.JUnitXMLReporter -->
<testsuite hostname="Sumeyras-MBP.home" ignored="1" name="Default test" tests="1" failures="0" timestamp="19 Dec 2019 03:27:55 GMT" time="24.983" errors="0">
  <testcase name="TodaysTemp" time="15.182" classname="com.Darksky.Tests.DarkskyHomeTest"/>
  <testcase name="homepageTitle" time="0.0" classname="com.Darksky.Tests.DarkskyHomeTest">
    <ignored/>
  </testcase> <!-- homepageTitle -->
</testsuite> <!-- Default test -->
