<?xml version="1.0" encoding="UTF-8"?>
<testng-results skipped="0" failed="0" ignored="1" total="2" passed="1">
  <reporter-output>
  </reporter-output>
  <suite name="Default suite" duration-ms="24983" started-at="2019-12-19T03:27:30Z" finished-at="2019-12-19T03:27:55Z">
    <groups>
    </groups>
    <test name="Default test" duration-ms="24983" started-at="2019-12-19T03:27:30Z" finished-at="2019-12-19T03:27:55Z">
      <class name="com.Darksky.Tests.DarkskyHomeTest">
        <test-method status="PASS" signature="setUp()[pri:0, instance:com.Darksky.Tests.DarkskyHomeTest@2f058b8a]" name="setUp" is-config="true" duration-ms="9368" started-at="2019-12-19T03:27:30Z" finished-at="2019-12-19T03:27:40Z">
          <reporter-output>
          </reporter-output>
        </test-method> <!-- setUp -->
        <test-method status="PASS" signature="TodaysTemp()[pri:0, instance:com.Darksky.Tests.DarkskyHomeTest@2f058b8a]" name="TodaysTemp" duration-ms="15182" started-at="2019-12-19T03:27:40Z" finished-at="2019-12-19T03:27:55Z">
          <reporter-output>
          </reporter-output>
        </test-method> <!-- TodaysTemp -->
        <test-method status="PASS" signature="teardown()[pri:0, instance:com.Darksky.Tests.DarkskyHomeTest@2f058b8a]" name="teardown" is-config="true" duration-ms="144" started-at="2019-12-19T03:27:55Z" finished-at="2019-12-19T03:27:55Z">
          <reporter-output>
          </reporter-output>
        </test-method> <!-- teardown -->
      </class> <!-- com.Darksky.Tests.DarkskyHomeTest -->
    </test> <!-- Default test -->
  </suite> <!-- Default suite -->
</testng-results>
